<?xml version="1.0" encoding="UTF-8"?>
<!-- Generated by org.testng.reporters.JUnitReportReporter -->
<testsuite hostname="IBM-PF3PE3C3" failures="0" tests="1" name="IBM.ProjectAssisment.jsonpath" time="2.810" errors="0" timestamp="27 Nov 2022 18:19:57 GMT" skipped="0">
  <testcase classname="IBM.ProjectAssisment.jsonpath" name="postmethod" time="2.810"/>
</testsuite> <!-- IBM.ProjectAssisment.jsonpath -->
