<?xml version="1.0" encoding="UTF-8"?>
<!-- Generated by org.testng.reporters.JUnitReportReporter -->
<testsuite hostname="IBM-PF3PE3C3" failures="0" tests="1" name="IBM.ProjectAssisment.datafromjsonfile" time="2.163" errors="0" timestamp="27 Nov 2022 18:29:33 GMT" skipped="0">
  <testcase classname="IBM.ProjectAssisment.datafromjsonfile" name="POST" time="2.163"/>
</testsuite> <!-- IBM.ProjectAssisment.datafromjsonfile -->
