<?xml version="1.0" encoding="UTF-8"?>
<!-- Generated by org.testng.reporters.JUnitReportReporter -->
<testsuite hostname="IBM-PF3PE3C3" failures="0" tests="9" name="IBM.ProjectAssisment.basicoperations" time="2.422" errors="0" timestamp="27 Nov 2022 18:03:26 GMT" skipped="6">
  <testcase classname="IBM.ProjectAssisment.basicoperations" name="PATCHUsingDataProvider" time="0.117"/>
  <testcase classname="IBM.ProjectAssisment.basicoperations" name="PATCHUsingDataProvider" time="2.204"/>
  <testcase classname="IBM.ProjectAssisment.basicoperations" name="PATCHUsingDataProvider" time="0.101"/>
  <testcase classname="IBM.ProjectAssisment.basicoperations" name="Assertions">
    <skipped/>
  </testcase> <!-- Assertions -->
  <testcase classname="IBM.ProjectAssisment.basicoperations" name="deletemethod">
    <skipped/>
  </testcase> <!-- deletemethod -->
  <testcase classname="IBM.ProjectAssisment.basicoperations" name="postmethod">
    <skipped/>
  </testcase> <!-- postmethod -->
  <testcase classname="IBM.ProjectAssisment.basicoperations" name="PATCH">
    <skipped/>
  </testcase> <!-- PATCH -->
  <testcase classname="IBM.ProjectAssisment.basicoperations" name="getmethod">
    <skipped/>
  </testcase> <!-- getmethod -->
  <testcase classname="IBM.ProjectAssisment.basicoperations" name="PUT">
    <skipped/>
  </testcase> <!-- PUT -->
</testsuite> <!-- IBM.ProjectAssisment.basicoperations -->
